2021-05-21T00:31:20.030 [INFO] [api/products] [SUCCESS]
2021-05-21T00:31:44.599 [INFO] [api/products] [SUCCESS]
2021-05-21T00:32:13.203 [INFO] [api/users/register] [SUCCESS]
2021-05-21T00:32:13.429 [INFO] [api/products] [SUCCESS]
2021-05-21T00:32:20.056 [INFO] [api/products/60a3633c4db07549f49e4b2a] [SUCCESS]
2021-05-21T00:32:33.843 [INFO] [api/products/60a3633c4db07549f49e4b2b] [SUCCESS]
2021-05-21T00:32:51.169 [INFO] [api/products/60a3633c4db07549f49e4b2b] [SUCCESS]
2021-05-21T00:34:02.023 [INFO] [api/products/60a3633c4db07549f49e4b2b] [SUCCESS]
2021-05-21T00:34:08.470 [INFO] [api/users/60a6b235d451f1237ebb7bbc] [SUCCESS]
2021-05-21T00:34:08.494 [INFO] [api/users/60a6b235d451f1237ebb7bbc] [SUCCESS]
2021-05-21T00:35:15.738 [INFO] [api/products] [SUCCESS]
2021-05-21T00:35:29.105 [INFO] [api/users/signin] [FAILED]
2021-05-21T00:35:35.791 [INFO] [api/users/signin] [FAILED]
2021-05-21T00:35:36.346 [INFO] [api/users/signin] [FAILED]
2021-05-21T00:35:37.055 [INFO] [api/users/signin] [FAILED]
2021-05-21T00:35:50.988 [INFO] [api/users/signin] [SUCCESS]
2021-05-21T00:35:51.157 [INFO] [api/products] [SUCCESS]
2021-05-21T00:35:54.862 [INFO] [api/products/60a3633c4db07549f49e4b2c] [SUCCESS]
2021-05-21T00:35:56.056 [INFO] [api/products/60a3633c4db07549f49e4b2c] [SUCCESS]
2021-05-21T00:37:46.680 [INFO] [api/products] [SUCCESS]
2021-05-21T00:38:10.191 [INFO] [api/users/seed] [SUCESS]
2021-05-21T00:39:03.557 [INFO] [api/products] [SUCCESS]
2021-05-21T00:53:04.524 [INFO] [api/products] [SUCCESS]
2021-05-21T00:53:18.176 [INFO] [api/users/signin] [FAILED]
2021-05-21T00:53:31.983 [INFO] [api/users/signin] [SUCCESS]
2021-05-21T00:53:32.326 [INFO] [api/products] [SUCCESS]
2021-05-21T00:53:35.086 [INFO] [api/products/60a3633c4db07549f49e4b2b] [SUCCESS]
2021-05-21T00:53:40.255 [INFO] [api/products] [SUCCESS]
2021-05-21T00:53:42.289 [INFO] [api/products/60a3633c4db07549f49e4b2a] [SUCCESS]
2021-05-21T00:53:45.501 [INFO] [api/products] [SUCCESS]
2021-05-21T00:53:48.783 [INFO] [api/users/60a6b235d451f1237ebb7bbc] [SUCCESS]
2021-05-21T00:53:48.833 [INFO] [api/users/60a6b235d451f1237ebb7bbc] [SUCCESS]
2021-05-21T00:54:03.694 [INFO] [api/products] [SUCCESS]
2021-05-21T00:54:15.351 [INFO] [api/users/signin] [SUCCESS]
2021-05-21T00:54:15.556 [INFO] [api/products] [SUCCESS]
2021-05-21T00:54:18.829 [INFO] [api/products/60a3633c4db07549f49e4b2d] [SUCCESS]
2021-05-21T00:54:22.917 [INFO] [api/products/60a3633c4db07549f49e4b2d] [SUCCESS]
2021-05-21T00:54:27.138 [INFO] [api/products] [SUCCESS]
2021-05-21T00:54:30.576 [INFO] [api/products/60a3633c4db07549f49e4b2f] [SUCCESS]
2021-05-21T00:54:55.143 [INFO] [api/products] [SUCCESS]
2021-05-21T00:54:57.915 [INFO] [api/products/60a3633c4db07549f49e4b2e] [SUCCESS]
2021-05-21T00:55:18.660 [INFO] [api/users/signin] [FAILED]
2021-05-21T00:55:24.116 [INFO] [api/users/signin] [SUCCESS]
2021-05-21T00:55:24.338 [INFO] [api/products] [SUCCESS]
2021-05-21T00:55:27.092 [INFO] [api/products/60a3633c4db07549f49e4b2e] [SUCCESS]
2021-05-21T00:55:30.849 [INFO] [api/products] [SUCCESS]
2021-05-21T00:55:31.630 [INFO] [api/products/60a3633c4db07549f49e4b2a] [SUCCESS]
2021-05-21T00:55:36.613 [INFO] [api/products] [SUCCESS]
2021-05-21T00:55:38.059 [INFO] [api/products/60a3633c4db07549f49e4b2d] [SUCCESS]
2021-05-21T00:55:39.882 [INFO] [api/products] [SUCCESS]
